<?xml version="1.0" encoding="UTF-8"?>
<robot generator="Robot 3.1.2 (Python 3.8.0 on win32)" generated="20200419 15:11:26.482" rpa="false">
<suite id="s1" name="Scripts" source="C:\Users\masaw\PycharmProjects\RobotAuto\Scripts">
<suite id="s1-s1" name="Login" source="C:\Users\masaw\PycharmProjects\RobotAuto\Scripts\Login.robot">
<test id="s1-s1-t1" name="TC 01 Test login with Invalid user">
<kw name="Navigate to Homepage" library="HomepageKW" type="setup">
<kw name="Launch Browser" library="GenericKW">
<kw name="Open Browser" library="Selenium2Library">
<doc>Opens a new browser instance to the optional ``url``.</doc>
<arguments>
<arg>url=${url}</arg>
<arg>browser=${browser}</arg>
</arguments>
<msg timestamp="20200419 15:11:26.793" level="INFO">Opening browser 'firefox' to base url 'https://www.amazon.in/'.</msg>
<msg timestamp="20200419 15:11:26.796" level="INFO">Firefox driver log is always forced to to: C:\Users\masaw\PycharmProjects\RobotAuto\zParallelresult\pabot_results\1\geckodriver-1.log</msg>
<status status="PASS" starttime="20200419 15:11:26.793" endtime="20200419 15:11:44.118"></status>
</kw>
<status status="PASS" starttime="20200419 15:11:26.793" endtime="20200419 15:11:44.118"></status>
</kw>
<kw name="Maximize Browser Window" library="Selenium2Library">
<doc>Maximizes current browser window.</doc>
<status status="PASS" starttime="20200419 15:11:44.121" endtime="20200419 15:11:44.129"></status>
</kw>
<kw name="Wait Until Page Contains Element" library="Selenium2Library">
<doc>Waits until the element ``locator`` appears on the current page.</doc>
<arguments>
<arg>${menu}</arg>
<arg>10</arg>
</arguments>
<status status="PASS" starttime="20200419 15:11:44.129" endtime="20200419 15:11:44.214"></status>
</kw>
<status status="PASS" starttime="20200419 15:11:26.793" endtime="20200419 15:11:44.215"></status>
</kw>
<kw name="Navigate to login page" library="loginKW">
<kw name="Click Element" library="Selenium2Library">
<doc>Click the element identified by ``locator``.</doc>
<arguments>
<arg>${menu}</arg>
</arguments>
<msg timestamp="20200419 15:11:44.217" level="INFO">Clicking element 'nav-hamburger-menu'.</msg>
<status status="PASS" starttime="20200419 15:11:44.215" endtime="20200419 15:11:44.598"></status>
</kw>
<kw name="Wait Until Page Contains Element" library="Selenium2Library">
<doc>Waits until the element ``locator`` appears on the current page.</doc>
<arguments>
<arg>${mSignin}</arg>
<arg>5</arg>
</arguments>
<kw name="Capture Page Screenshot" library="Selenium2Library">
<doc>Takes a screenshot of the current page and embeds it into a log file.</doc>
<msg timestamp="20200419 15:11:50.171" level="INFO" html="yes">&lt;/td&gt;&lt;/tr&gt;&lt;tr&gt;&lt;td colspan="3"&gt;&lt;a href="selenium-screenshot-1.png"&gt;&lt;img src="selenium-screenshot-1.png" width="800px"&gt;&lt;/a&gt;</msg>
<status status="PASS" starttime="20200419 15:11:49.782" endtime="20200419 15:11:50.172"></status>
</kw>
<msg timestamp="20200419 15:11:50.189" level="FAIL">Element 'hmenu-customer-name' did not appear in 5 seconds.</msg>
<status status="FAIL" starttime="20200419 15:11:44.599" endtime="20200419 15:11:50.189"></status>
</kw>
<status status="FAIL" starttime="20200419 15:11:44.215" endtime="20200419 15:11:50.189"></status>
</kw>
<kw name="Close All Browsers" library="Selenium2Library" type="teardown">
<doc>Closes all open browsers and resets the browser cache.</doc>
<status status="PASS" starttime="20200419 15:11:50.189" endtime="20200419 15:11:52.711"></status>
</kw>
<tags>
<tag>login</tag>
</tags>
<status status="FAIL" starttime="20200419 15:11:26.793" endtime="20200419 15:11:52.711" critical="yes">Element 'hmenu-customer-name' did not appear in 5 seconds.</status>
</test>
<test id="s1-s1-t2" name="TC 02 Create new user account">
<kw name="Navigate to Homepage" library="HomepageKW" type="setup">
<kw name="Launch Browser" library="GenericKW">
<kw name="Open Browser" library="Selenium2Library">
<doc>Opens a new browser instance to the optional ``url``.</doc>
<arguments>
<arg>url=${url}</arg>
<arg>browser=${browser}</arg>
</arguments>
<msg timestamp="20200419 15:11:52.712" level="INFO">Opening browser 'firefox' to base url 'https://www.amazon.in/'.</msg>
<msg timestamp="20200419 15:11:52.725" level="INFO">Firefox driver log is always forced to to: C:\Users\masaw\PycharmProjects\RobotAuto\zParallelresult\pabot_results\1\geckodriver-2.log</msg>
<status status="PASS" starttime="20200419 15:11:52.712" endtime="20200419 15:12:09.659"></status>
</kw>
<status status="PASS" starttime="20200419 15:11:52.712" endtime="20200419 15:12:09.659"></status>
</kw>
<kw name="Maximize Browser Window" library="Selenium2Library">
<doc>Maximizes current browser window.</doc>
<status status="PASS" starttime="20200419 15:12:09.660" endtime="20200419 15:12:09.668"></status>
</kw>
<kw name="Wait Until Page Contains Element" library="Selenium2Library">
<doc>Waits until the element ``locator`` appears on the current page.</doc>
<arguments>
<arg>${menu}</arg>
<arg>10</arg>
</arguments>
<status status="PASS" starttime="20200419 15:12:09.669" endtime="20200419 15:12:09.716"></status>
</kw>
<status status="PASS" starttime="20200419 15:11:52.712" endtime="20200419 15:12:09.716"></status>
</kw>
<kw name="Navigate to login page" library="loginKW">
<kw name="Click Element" library="Selenium2Library">
<doc>Click the element identified by ``locator``.</doc>
<arguments>
<arg>${menu}</arg>
</arguments>
<msg timestamp="20200419 15:12:09.718" level="INFO">Clicking element 'nav-hamburger-menu'.</msg>
<status status="PASS" starttime="20200419 15:12:09.717" endtime="20200419 15:12:09.971"></status>
</kw>
<kw name="Wait Until Page Contains Element" library="Selenium2Library">
<doc>Waits until the element ``locator`` appears on the current page.</doc>
<arguments>
<arg>${mSignin}</arg>
<arg>5</arg>
</arguments>
<kw name="Capture Page Screenshot" library="Selenium2Library">
<doc>Takes a screenshot of the current page and embeds it into a log file.</doc>
<msg timestamp="20200419 15:12:15.841" level="INFO" html="yes">&lt;/td&gt;&lt;/tr&gt;&lt;tr&gt;&lt;td colspan="3"&gt;&lt;a href="selenium-screenshot-2.png"&gt;&lt;img src="selenium-screenshot-2.png" width="800px"&gt;&lt;/a&gt;</msg>
<status status="PASS" starttime="20200419 15:12:15.067" endtime="20200419 15:12:15.841"></status>
</kw>
<msg timestamp="20200419 15:12:15.842" level="FAIL">Element 'hmenu-customer-name' did not appear in 5 seconds.</msg>
<status status="FAIL" starttime="20200419 15:12:09.973" endtime="20200419 15:12:15.842"></status>
</kw>
<status status="FAIL" starttime="20200419 15:12:09.717" endtime="20200419 15:12:15.842"></status>
</kw>
<kw name="Close All Browsers" library="Selenium2Library" type="teardown">
<doc>Closes all open browsers and resets the browser cache.</doc>
<status status="PASS" starttime="20200419 15:12:15.842" endtime="20200419 15:12:17.960"></status>
</kw>
<tags>
<tag>login</tag>
</tags>
<status status="FAIL" starttime="20200419 15:11:52.712" endtime="20200419 15:12:17.960" critical="yes">Element 'hmenu-customer-name' did not appear in 5 seconds.</status>
</test>
<doc>Login Test Cases
Using Robot and Selenium Library</doc>
<status status="FAIL" starttime="20200419 15:11:26.521" endtime="20200419 15:12:17.961"></status>
</suite>
<status status="FAIL" starttime="20200419 15:11:26.486" endtime="20200419 15:12:17.963"></status>
</suite>
<statistics>
<total>
<stat pass="0" fail="2">Critical Tests</stat>
<stat pass="0" fail="2">All Tests</stat>
</total>
<tag>
<stat pass="0" fail="2">login</stat>
</tag>
<suite>
<stat pass="0" fail="2" id="s1" name="Scripts">Scripts</stat>
<stat pass="0" fail="2" id="s1-s1" name="Login">Scripts.Login</stat>
</suite>
</statistics>
<errors>
</errors>
</robot>
