<?xml version="1.0" encoding="UTF-8"?>
<robot generator="Robot 3.1.2 (Python 3.8.0 on win32)" generated="20200419 15:11:26.461" rpa="false">
<suite id="s1" name="Scripts" source="C:\Users\masaw\PycharmProjects\RobotAuto\Scripts">
<suite id="s1-s1" name="Welcome" source="C:\Users\masaw\PycharmProjects\RobotAuto\Scripts\Welcome.robot">
<test id="s1-s1-t1" name="Get the Suite Source directory">
<kw name="Get Suite Src Dir" library="util">
<assign>
<var>${path}</var>
</assign>
<msg timestamp="20200419 15:11:26.502" level="INFO">${path} = C:\Users\masaw\PycharmProjects\RobotAuto\Scripts</msg>
<status status="PASS" starttime="20200419 15:11:26.502" endtime="20200419 15:11:26.502"></status>
</kw>
<kw name="Log" library="BuiltIn">
<doc>Logs the given message with the given level.</doc>
<arguments>
<arg>${path}</arg>
</arguments>
<msg timestamp="20200419 15:11:26.502" level="INFO">C:\Users\masaw\PycharmProjects\RobotAuto\Scripts</msg>
<status status="PASS" starttime="20200419 15:11:26.502" endtime="20200419 15:11:26.502"></status>
</kw>
<tags>
<tag>tc</tag>
</tags>
<status status="PASS" starttime="20200419 15:11:26.502" endtime="20200419 15:11:26.502" critical="yes"></status>
</test>
<status status="PASS" starttime="20200419 15:11:26.500" endtime="20200419 15:11:26.502"></status>
</suite>
<status status="PASS" starttime="20200419 15:11:26.464" endtime="20200419 15:11:26.502"></status>
</suite>
<statistics>
<total>
<stat pass="1" fail="0">Critical Tests</stat>
<stat pass="1" fail="0">All Tests</stat>
</total>
<tag>
<stat pass="1" fail="0">tc</stat>
</tag>
<suite>
<stat pass="1" fail="0" id="s1" name="Scripts">Scripts</stat>
<stat pass="1" fail="0" id="s1-s1" name="Welcome">Scripts.Welcome</stat>
</suite>
</statistics>
<errors>
</errors>
</robot>
