<?xml version="1.0" encoding="UTF-8"?>
<robot generator="Robot 3.1.2 (Python 3.8.0 on win32)" generated="20200419 15:11:26.482" rpa="false">
<suite id="s1" name="Scripts" source="C:\Users\masaw\PycharmProjects\RobotAuto\Scripts">
<suite id="s1-s1" name="Homepage" source="C:\Users\masaw\PycharmProjects\RobotAuto\Scripts\Homepage.robot">
<test id="s1-s1-t1" name="TC-01 Validate Homepage launch successfully">
<kw name="Navigate to Homepage" library="HomepageKW">
<kw name="Launch Browser" library="GenericKW">
<kw name="Open Browser" library="Selenium2Library">
<doc>Opens a new browser instance to the optional ``url``.</doc>
<arguments>
<arg>url=${url}</arg>
<arg>browser=${browser}</arg>
</arguments>
<msg timestamp="20200419 15:11:26.791" level="INFO">Opening browser 'firefox' to base url 'https://www.amazon.in/'.</msg>
<msg timestamp="20200419 15:11:26.792" level="INFO">Firefox driver log is always forced to to: C:\Users\masaw\PycharmProjects\RobotAuto\zParallelresult\pabot_results\0\geckodriver-1.log</msg>
<status status="PASS" starttime="20200419 15:11:26.790" endtime="20200419 15:11:49.095"></status>
</kw>
<status status="PASS" starttime="20200419 15:11:26.790" endtime="20200419 15:11:49.095"></status>
</kw>
<kw name="Maximize Browser Window" library="Selenium2Library">
<doc>Maximizes current browser window.</doc>
<status status="PASS" starttime="20200419 15:11:49.096" endtime="20200419 15:11:49.120"></status>
</kw>
<kw name="Wait Until Page Contains Element" library="Selenium2Library">
<doc>Waits until the element ``locator`` appears on the current page.</doc>
<arguments>
<arg>${menu}</arg>
<arg>10</arg>
</arguments>
<status status="PASS" starttime="20200419 15:11:49.121" endtime="20200419 15:11:49.214"></status>
</kw>
<status status="PASS" starttime="20200419 15:11:26.774" endtime="20200419 15:11:49.215"></status>
</kw>
<kw name="Get Title" library="Selenium2Library">
<doc>Returns the title of the current page.</doc>
<assign>
<var>${title}</var>
</assign>
<msg timestamp="20200419 15:11:49.228" level="INFO">${title} = Online Shopping site in India: Shop Online for Mobiles, Books, Watches, Shoes and More - Amazon.in</msg>
<status status="PASS" starttime="20200419 15:11:49.216" endtime="20200419 15:11:49.228"></status>
</kw>
<kw name="Should Contain" library="BuiltIn">
<doc>Fails if ``container`` does not contain ``item`` one or more times.</doc>
<arguments>
<arg>${title}</arg>
<arg>Online Shopping site in India</arg>
</arguments>
<status status="PASS" starttime="20200419 15:11:49.229" endtime="20200419 15:11:49.231"></status>
</kw>
<kw name="Capture Page Screenshot" library="Selenium2Library">
<doc>Takes a screenshot of the current page and embeds it into a log file.</doc>
<msg timestamp="20200419 15:11:49.914" level="INFO" html="yes">&lt;/td&gt;&lt;/tr&gt;&lt;tr&gt;&lt;td colspan="3"&gt;&lt;a href="selenium-screenshot-1.png"&gt;&lt;img src="selenium-screenshot-1.png" width="800px"&gt;&lt;/a&gt;</msg>
<status status="PASS" starttime="20200419 15:11:49.232" endtime="20200419 15:11:49.915"></status>
</kw>
<kw name="Close All Browsers" library="Selenium2Library" type="teardown">
<doc>Closes all open browsers and resets the browser cache.</doc>
<status status="PASS" starttime="20200419 15:11:49.915" endtime="20200419 15:11:51.813"></status>
</kw>
<doc>This is a test case level documentation</doc>
<tags>
<tag>home</tag>
</tags>
<status status="PASS" starttime="20200419 15:11:26.774" endtime="20200419 15:11:51.813" critical="yes"></status>
</test>
<test id="s1-s1-t2" name="TC-02 Search in required item">
<kw name="Navigate to Homepage" library="HomepageKW">
<kw name="Launch Browser" library="GenericKW">
<kw name="Open Browser" library="Selenium2Library">
<doc>Opens a new browser instance to the optional ``url``.</doc>
<arguments>
<arg>url=${url}</arg>
<arg>browser=${browser}</arg>
</arguments>
<msg timestamp="20200419 15:11:51.818" level="INFO">Opening browser 'firefox' to base url 'https://www.amazon.in/'.</msg>
<msg timestamp="20200419 15:11:51.820" level="INFO">Firefox driver log is always forced to to: C:\Users\masaw\PycharmProjects\RobotAuto\zParallelresult\pabot_results\0\geckodriver-2.log</msg>
<status status="PASS" starttime="20200419 15:11:51.817" endtime="20200419 15:12:18.040"></status>
</kw>
<status status="PASS" starttime="20200419 15:11:51.817" endtime="20200419 15:12:18.040"></status>
</kw>
<kw name="Maximize Browser Window" library="Selenium2Library">
<doc>Maximizes current browser window.</doc>
<status status="PASS" starttime="20200419 15:12:18.040" endtime="20200419 15:12:18.049"></status>
</kw>
<kw name="Wait Until Page Contains Element" library="Selenium2Library">
<doc>Waits until the element ``locator`` appears on the current page.</doc>
<arguments>
<arg>${menu}</arg>
<arg>10</arg>
</arguments>
<status status="PASS" starttime="20200419 15:12:18.049" endtime="20200419 15:12:18.101"></status>
</kw>
<status status="PASS" starttime="20200419 15:11:51.816" endtime="20200419 15:12:18.102"></status>
</kw>
<kw name="Search text" library="HomepageKW">
<arguments>
<arg>Xbox 360</arg>
</arguments>
<kw name="Wait Until Page Contains Element" library="Selenium2Library">
<doc>Waits until the element ``locator`` appears on the current page.</doc>
<arguments>
<arg>${Searchtxtbox}</arg>
<arg>10</arg>
</arguments>
<status status="PASS" starttime="20200419 15:12:18.104" endtime="20200419 15:12:18.122"></status>
</kw>
<kw name="Click Element" library="Selenium2Library">
<doc>Click the element identified by ``locator``.</doc>
<arguments>
<arg>${Searchtxtbox}</arg>
</arguments>
<msg timestamp="20200419 15:12:18.123" level="INFO">Clicking element 'twotabsearchtextbox'.</msg>
<status status="PASS" starttime="20200419 15:12:18.123" endtime="20200419 15:12:18.386"></status>
</kw>
<kw name="Input Text" library="Selenium2Library">
<doc>Types the given ``text`` into the text field identified by ``locator``.</doc>
<arguments>
<arg>${Searchtxtbox}</arg>
<arg>${tobesearch}</arg>
</arguments>
<msg timestamp="20200419 15:12:18.387" level="INFO">Typing text 'Xbox 360' into text field 'twotabsearchtextbox'.</msg>
<status status="PASS" starttime="20200419 15:12:18.387" endtime="20200419 15:12:18.533"></status>
</kw>
<status status="PASS" starttime="20200419 15:12:18.103" endtime="20200419 15:12:18.533"></status>
</kw>
<kw name="Close All Browsers" library="Selenium2Library" type="teardown">
<doc>Closes all open browsers and resets the browser cache.</doc>
<status status="PASS" starttime="20200419 15:12:18.534" endtime="20200419 15:12:20.929"></status>
</kw>
<tags>
<tag>search</tag>
</tags>
<status status="PASS" starttime="20200419 15:11:51.814" endtime="20200419 15:12:20.929" critical="yes"></status>
</test>
<doc>Homepage Test Cases
Using Robot and Selenium Library</doc>
<status status="PASS" starttime="20200419 15:11:26.521" endtime="20200419 15:12:20.930"></status>
</suite>
<status status="PASS" starttime="20200419 15:11:26.485" endtime="20200419 15:12:20.931"></status>
</suite>
<statistics>
<total>
<stat pass="2" fail="0">Critical Tests</stat>
<stat pass="2" fail="0">All Tests</stat>
</total>
<tag>
<stat pass="1" fail="0">home</stat>
<stat pass="1" fail="0">search</stat>
</tag>
<suite>
<stat pass="2" fail="0" id="s1" name="Scripts">Scripts</stat>
<stat pass="2" fail="0" id="s1-s1" name="Homepage">Scripts.Homepage</stat>
</suite>
</statistics>
<errors>
</errors>
</robot>
