<?xml version="1.0" encoding="UTF-8"?>
<robot generator="Robot 3.1.2 (Python 3.8.0 on win32)" generated="20200419 14:40:19.278" rpa="false">
<suite id="s1" name="Scripts" source="C:\Users\masaw\PycharmProjects\RobotAuto\Scripts">
<suite id="s1-s1" name="Homepage" source="C:\Users\masaw\PycharmProjects\RobotAuto\Scripts\Homepage.robot">
<test id="s1-s1-t1" name="TC-01 Validate Homepage launch successfully">
<kw name="Navigate to Homepage" library="HomepageKW">
<kw name="Launch Browser" library="GenericKW">
<kw name="Open Browser" library="Selenium2Library">
<doc>Opens a new browser instance to the optional ``url``.</doc>
<arguments>
<arg>url=${url}</arg>
<arg>browser=${browser}</arg>
</arguments>
<msg timestamp="20200419 14:40:19.640" level="INFO">Opening browser 'chrome' to base url 'https://www.amazon.in/'.</msg>
<status status="PASS" starttime="20200419 14:40:19.640" endtime="20200419 14:40:28.253"></status>
</kw>
<status status="PASS" starttime="20200419 14:40:19.640" endtime="20200419 14:40:28.254"></status>
</kw>
<kw name="Maximize Browser Window" library="Selenium2Library">
<doc>Maximizes current browser window.</doc>
<status status="PASS" starttime="20200419 14:40:28.254" endtime="20200419 14:40:30.786"></status>
</kw>
<kw name="Wait Until Page Contains Element" library="Selenium2Library">
<doc>Waits until the element ``locator`` appears on the current page.</doc>
<arguments>
<arg>${menu}</arg>
<arg>10</arg>
</arguments>
<status status="PASS" starttime="20200419 14:40:30.786" endtime="20200419 14:40:30.804"></status>
</kw>
<status status="PASS" starttime="20200419 14:40:19.640" endtime="20200419 14:40:30.804"></status>
</kw>
<kw name="Get Title" library="Selenium2Library">
<doc>Returns the title of the current page.</doc>
<assign>
<var>${title}</var>
</assign>
<msg timestamp="20200419 14:40:30.812" level="INFO">${title} = Online Shopping site in India: Shop Online for Mobiles, Books, Watches, Shoes and More - Amazon.in</msg>
<status status="PASS" starttime="20200419 14:40:30.804" endtime="20200419 14:40:30.812"></status>
</kw>
<kw name="Should Contain" library="BuiltIn">
<doc>Fails if ``container`` does not contain ``item`` one or more times.</doc>
<arguments>
<arg>${title}</arg>
<arg>Online Shopping site in India</arg>
</arguments>
<status status="PASS" starttime="20200419 14:40:30.812" endtime="20200419 14:40:30.813"></status>
</kw>
<kw name="Capture Page Screenshot" library="Selenium2Library">
<doc>Takes a screenshot of the current page and embeds it into a log file.</doc>
<msg timestamp="20200419 14:40:31.518" level="INFO" html="yes">&lt;/td&gt;&lt;/tr&gt;&lt;tr&gt;&lt;td colspan="3"&gt;&lt;a href="selenium-screenshot-1.png"&gt;&lt;img src="selenium-screenshot-1.png" width="800px"&gt;&lt;/a&gt;</msg>
<status status="PASS" starttime="20200419 14:40:30.813" endtime="20200419 14:40:31.518"></status>
</kw>
<kw name="Close All Browsers" library="Selenium2Library" type="teardown">
<doc>Closes all open browsers and resets the browser cache.</doc>
<status status="PASS" starttime="20200419 14:40:31.518" endtime="20200419 14:40:33.733"></status>
</kw>
<tags>
<tag>home</tag>
</tags>
<status status="PASS" starttime="20200419 14:40:19.639" endtime="20200419 14:40:33.739" critical="yes"></status>
</test>
<test id="s1-s1-t2" name="TC-02 Search in required item">
<kw name="Navigate to Homepage" library="HomepageKW">
<kw name="Launch Browser" library="GenericKW">
<kw name="Open Browser" library="Selenium2Library">
<doc>Opens a new browser instance to the optional ``url``.</doc>
<arguments>
<arg>url=${url}</arg>
<arg>browser=${browser}</arg>
</arguments>
<msg timestamp="20200419 14:40:33.749" level="INFO">Opening browser 'chrome' to base url 'https://www.amazon.in/'.</msg>
<status status="PASS" starttime="20200419 14:40:33.749" endtime="20200419 14:40:42.682"></status>
</kw>
<status status="PASS" starttime="20200419 14:40:33.749" endtime="20200419 14:40:42.682"></status>
</kw>
<kw name="Maximize Browser Window" library="Selenium2Library">
<doc>Maximizes current browser window.</doc>
<status status="PASS" starttime="20200419 14:40:42.682" endtime="20200419 14:40:44.850"></status>
</kw>
<kw name="Wait Until Page Contains Element" library="Selenium2Library">
<doc>Waits until the element ``locator`` appears on the current page.</doc>
<arguments>
<arg>${menu}</arg>
<arg>10</arg>
</arguments>
<status status="PASS" starttime="20200419 14:40:44.850" endtime="20200419 14:40:44.868"></status>
</kw>
<status status="PASS" starttime="20200419 14:40:33.748" endtime="20200419 14:40:44.868"></status>
</kw>
<kw name="Search text" library="HomepageKW">
<arguments>
<arg>Xbox 360</arg>
</arguments>
<kw name="Wait Until Page Contains Element" library="Selenium2Library">
<doc>Waits until the element ``locator`` appears on the current page.</doc>
<arguments>
<arg>${Searchtxtbox}</arg>
<arg>10</arg>
</arguments>
<status status="PASS" starttime="20200419 14:40:44.869" endtime="20200419 14:40:44.886"></status>
</kw>
<kw name="Click Element" library="Selenium2Library">
<doc>Click the element identified by ``locator``.</doc>
<arguments>
<arg>${Searchtxtbox}</arg>
</arguments>
<msg timestamp="20200419 14:40:44.886" level="INFO">Clicking element 'twotabsearchtextbox'.</msg>
<status status="PASS" starttime="20200419 14:40:44.886" endtime="20200419 14:40:44.988"></status>
</kw>
<kw name="Input Text" library="Selenium2Library">
<doc>Types the given ``text`` into the text field identified by ``locator``.</doc>
<arguments>
<arg>${Searchtxtbox}</arg>
<arg>${tobesearch}</arg>
</arguments>
<msg timestamp="20200419 14:40:44.988" level="INFO">Typing text 'Xbox 360' into text field 'twotabsearchtextbox'.</msg>
<status status="PASS" starttime="20200419 14:40:44.988" endtime="20200419 14:40:45.121"></status>
</kw>
<status status="PASS" starttime="20200419 14:40:44.869" endtime="20200419 14:40:45.121"></status>
</kw>
<kw name="Close All Browsers" library="Selenium2Library" type="teardown">
<doc>Closes all open browsers and resets the browser cache.</doc>
<status status="PASS" starttime="20200419 14:40:45.122" endtime="20200419 14:40:47.325"></status>
</kw>
<tags>
<tag>search</tag>
</tags>
<status status="PASS" starttime="20200419 14:40:33.746" endtime="20200419 14:40:47.330" critical="yes"></status>
</test>
<doc>Homepage Test Cases
Using Robot and Selenium Library</doc>
<status status="PASS" starttime="20200419 14:40:19.334" endtime="20200419 14:40:47.334"></status>
</suite>
<suite id="s1-s2" name="Login" source="C:\Users\masaw\PycharmProjects\RobotAuto\Scripts\Login.robot">
<test id="s1-s2-t1" name="TC 01 Test login with Invalid user">
<kw name="Navigate to Homepage" library="HomepageKW" type="setup">
<kw name="Launch Browser" library="GenericKW">
<kw name="Open Browser" library="Selenium2Library">
<doc>Opens a new browser instance to the optional ``url``.</doc>
<arguments>
<arg>url=${url}</arg>
<arg>browser=${browser}</arg>
</arguments>
<msg timestamp="20200419 14:40:47.386" level="INFO">Opening browser 'chrome' to base url 'https://www.amazon.in/'.</msg>
<status status="PASS" starttime="20200419 14:40:47.385" endtime="20200419 14:40:59.753"></status>
</kw>
<status status="PASS" starttime="20200419 14:40:47.384" endtime="20200419 14:40:59.753"></status>
</kw>
<kw name="Maximize Browser Window" library="Selenium2Library">
<doc>Maximizes current browser window.</doc>
<status status="PASS" starttime="20200419 14:40:59.753" endtime="20200419 14:41:01.904"></status>
</kw>
<kw name="Wait Until Page Contains Element" library="Selenium2Library">
<doc>Waits until the element ``locator`` appears on the current page.</doc>
<arguments>
<arg>${menu}</arg>
<arg>10</arg>
</arguments>
<status status="PASS" starttime="20200419 14:41:01.904" endtime="20200419 14:41:01.923"></status>
</kw>
<status status="PASS" starttime="20200419 14:40:47.379" endtime="20200419 14:41:01.923"></status>
</kw>
<kw name="Navigate to login page" library="loginKW">
<kw name="Click Element" library="Selenium2Library">
<doc>Click the element identified by ``locator``.</doc>
<arguments>
<arg>${menu}</arg>
</arguments>
<msg timestamp="20200419 14:41:01.926" level="INFO">Clicking element 'nav-hamburger-menu'.</msg>
<status status="PASS" starttime="20200419 14:41:01.925" endtime="20200419 14:41:13.150"></status>
</kw>
<kw name="Wait Until Page Contains Element" library="Selenium2Library">
<doc>Waits until the element ``locator`` appears on the current page.</doc>
<arguments>
<arg>${mSignin}</arg>
<arg>5</arg>
</arguments>
<status status="PASS" starttime="20200419 14:41:13.150" endtime="20200419 14:41:13.198"></status>
</kw>
<kw name="Click Element" library="Selenium2Library">
<doc>Click the element identified by ``locator``.</doc>
<arguments>
<arg>${mSignin}</arg>
</arguments>
<msg timestamp="20200419 14:41:13.199" level="INFO">Clicking element 'hmenu-customer-name'.</msg>
<status status="PASS" starttime="20200419 14:41:13.198" endtime="20200419 14:41:15.570"></status>
</kw>
<kw name="Wait Until Element Is Visible" library="Selenium2Library">
<doc>Waits until the element ``locator`` is visible.</doc>
<arguments>
<arg>${loginheader}</arg>
</arguments>
<status status="PASS" starttime="20200419 14:41:15.570" endtime="20200419 14:41:15.640"></status>
</kw>
<kw name="Log" library="BuiltIn">
<doc>Logs the given message with the given level.</doc>
<arguments>
<arg>Login page opens Successfully</arg>
</arguments>
<msg timestamp="20200419 14:41:15.641" level="INFO">Login page opens Successfully</msg>
<status status="PASS" starttime="20200419 14:41:15.640" endtime="20200419 14:41:15.641"></status>
</kw>
<status status="PASS" starttime="20200419 14:41:01.925" endtime="20200419 14:41:15.641"></status>
</kw>
<kw name="Login with Invalid user" library="loginKW">
<arguments>
<arg>randomemail@gmail.com</arg>
</arguments>
<kw name="Input Text" library="Selenium2Library">
<doc>Types the given ``text`` into the text field identified by ``locator``.</doc>
<arguments>
<arg>${email_box}</arg>
<arg>${user}</arg>
</arguments>
<msg timestamp="20200419 14:41:15.644" level="INFO">Typing text 'randomemail@gmail.com' into text field 'ap_email'.</msg>
<status status="PASS" starttime="20200419 14:41:15.643" endtime="20200419 14:41:16.001"></status>
</kw>
<kw name="Click Element" library="Selenium2Library">
<doc>Click the element identified by ``locator``.</doc>
<arguments>
<arg>${continue_btn}</arg>
</arguments>
<msg timestamp="20200419 14:41:16.001" level="INFO">Clicking element 'continue'.</msg>
<status status="PASS" starttime="20200419 14:41:16.001" endtime="20200419 14:41:18.934"></status>
</kw>
<kw name="Sleep" library="BuiltIn">
<doc>Pauses the test executed for the given time.</doc>
<arguments>
<arg>1</arg>
</arguments>
<msg timestamp="20200419 14:41:19.937" level="INFO">Slept 1 second</msg>
<status status="PASS" starttime="20200419 14:41:18.934" endtime="20200419 14:41:19.937"></status>
</kw>
<kw name="Page Should Contain" library="Selenium2Library">
<doc>Verifies that current page contains ``text``.</doc>
<arguments>
<arg>There was a problem</arg>
</arguments>
<kw name="Capture Page Screenshot" library="Selenium2Library">
<doc>Takes a screenshot of the current page and embeds it into a log file.</doc>
<msg timestamp="20200419 14:41:20.557" level="INFO" html="yes">&lt;/td&gt;&lt;/tr&gt;&lt;tr&gt;&lt;td colspan="3"&gt;&lt;a href="selenium-screenshot-2.png"&gt;&lt;img src="selenium-screenshot-2.png" width="800px"&gt;&lt;/a&gt;</msg>
<status status="PASS" starttime="20200419 14:41:20.065" endtime="20200419 14:41:20.558"></status>
</kw>
<msg timestamp="20200419 14:41:20.606" level="FAIL">Page should have contained text 'There was a problem' but did not.</msg>
<status status="FAIL" starttime="20200419 14:41:19.937" endtime="20200419 14:41:20.606"></status>
</kw>
<status status="FAIL" starttime="20200419 14:41:15.641" endtime="20200419 14:41:20.606"></status>
</kw>
<kw name="Close All Browsers" library="Selenium2Library" type="teardown">
<doc>Closes all open browsers and resets the browser cache.</doc>
<status status="PASS" starttime="20200419 14:41:20.606" endtime="20200419 14:41:22.858"></status>
</kw>
<status status="FAIL" starttime="20200419 14:40:47.378" endtime="20200419 14:41:22.863" critical="yes">Page should have contained text 'There was a problem' but did not.</status>
</test>
<test id="s1-s2-t2" name="TC 02 Create new user account">
<kw name="Navigate to Homepage" library="HomepageKW" type="setup">
<kw name="Launch Browser" library="GenericKW">
<kw name="Open Browser" library="Selenium2Library">
<doc>Opens a new browser instance to the optional ``url``.</doc>
<arguments>
<arg>url=${url}</arg>
<arg>browser=${browser}</arg>
</arguments>
<msg timestamp="20200419 14:41:22.872" level="INFO">Opening browser 'chrome' to base url 'https://www.amazon.in/'.</msg>
<status status="PASS" starttime="20200419 14:41:22.872" endtime="20200419 14:41:31.335"></status>
</kw>
<status status="PASS" starttime="20200419 14:41:22.872" endtime="20200419 14:41:31.335"></status>
</kw>
<kw name="Maximize Browser Window" library="Selenium2Library">
<doc>Maximizes current browser window.</doc>
<status status="PASS" starttime="20200419 14:41:31.335" endtime="20200419 14:41:33.560"></status>
</kw>
<kw name="Wait Until Page Contains Element" library="Selenium2Library">
<doc>Waits until the element ``locator`` appears on the current page.</doc>
<arguments>
<arg>${menu}</arg>
<arg>10</arg>
</arguments>
<status status="PASS" starttime="20200419 14:41:33.560" endtime="20200419 14:41:33.595"></status>
</kw>
<status status="PASS" starttime="20200419 14:41:22.872" endtime="20200419 14:41:33.595"></status>
</kw>
<kw name="Navigate to login page" library="loginKW">
<kw name="Click Element" library="Selenium2Library">
<doc>Click the element identified by ``locator``.</doc>
<arguments>
<arg>${menu}</arg>
</arguments>
<msg timestamp="20200419 14:41:33.597" level="INFO">Clicking element 'nav-hamburger-menu'.</msg>
<status status="PASS" starttime="20200419 14:41:33.596" endtime="20200419 14:41:41.617"></status>
</kw>
<kw name="Wait Until Page Contains Element" library="Selenium2Library">
<doc>Waits until the element ``locator`` appears on the current page.</doc>
<arguments>
<arg>${mSignin}</arg>
<arg>5</arg>
</arguments>
<status status="PASS" starttime="20200419 14:41:41.617" endtime="20200419 14:41:41.664"></status>
</kw>
<kw name="Click Element" library="Selenium2Library">
<doc>Click the element identified by ``locator``.</doc>
<arguments>
<arg>${mSignin}</arg>
</arguments>
<msg timestamp="20200419 14:41:41.666" level="INFO">Clicking element 'hmenu-customer-name'.</msg>
<status status="PASS" starttime="20200419 14:41:41.665" endtime="20200419 14:41:42.471"></status>
</kw>
<kw name="Wait Until Element Is Visible" library="Selenium2Library">
<doc>Waits until the element ``locator`` is visible.</doc>
<arguments>
<arg>${loginheader}</arg>
</arguments>
<status status="PASS" starttime="20200419 14:41:42.472" endtime="20200419 14:41:43.581"></status>
</kw>
<kw name="Log" library="BuiltIn">
<doc>Logs the given message with the given level.</doc>
<arguments>
<arg>Login page opens Successfully</arg>
</arguments>
<msg timestamp="20200419 14:41:43.581" level="INFO">Login page opens Successfully</msg>
<status status="PASS" starttime="20200419 14:41:43.581" endtime="20200419 14:41:43.581"></status>
</kw>
<status status="PASS" starttime="20200419 14:41:33.596" endtime="20200419 14:41:43.581"></status>
</kw>
<kw name="Navigate to create account page" library="loginKW">
<kw name="Page Should Contain Element" library="Selenium2Library">
<doc>Verifies that element ``locator`` is found on the current page.</doc>
<arguments>
<arg>${createAcc_btn}</arg>
</arguments>
<msg timestamp="20200419 14:41:43.622" level="INFO">Current page contains element 'createAccountSubmit'.</msg>
<status status="PASS" starttime="20200419 14:41:43.584" endtime="20200419 14:41:43.622"></status>
</kw>
<kw name="Click Element" library="Selenium2Library">
<doc>Click the element identified by ``locator``.</doc>
<arguments>
<arg>${createAcc_btn}</arg>
</arguments>
<msg timestamp="20200419 14:41:43.622" level="INFO">Clicking element 'createAccountSubmit'.</msg>
<status status="PASS" starttime="20200419 14:41:43.622" endtime="20200419 14:41:44.176"></status>
</kw>
<kw name="Wait Until Page Contains Element" library="Selenium2Library">
<doc>Waits until the element ``locator`` appears on the current page.</doc>
<arguments>
<arg>${pwd_box}</arg>
<arg>5</arg>
</arguments>
<status status="PASS" starttime="20200419 14:41:44.177" endtime="20200419 14:41:44.526"></status>
</kw>
<kw name="Page Should Contain" library="Selenium2Library">
<doc>Verifies that current page contains ``text``.</doc>
<arguments>
<arg>Create Account</arg>
</arguments>
<msg timestamp="20200419 14:41:51.777" level="INFO">Current page contains text 'Create Account'.</msg>
<status status="PASS" starttime="20200419 14:41:44.527" endtime="20200419 14:41:51.777"></status>
</kw>
<status status="PASS" starttime="20200419 14:41:43.583" endtime="20200419 14:41:51.777"></status>
</kw>
<kw name="Close All Browsers" library="Selenium2Library" type="teardown">
<doc>Closes all open browsers and resets the browser cache.</doc>
<status status="PASS" starttime="20200419 14:41:51.777" endtime="20200419 14:41:53.992"></status>
</kw>
<status status="PASS" starttime="20200419 14:41:22.870" endtime="20200419 14:41:53.993" critical="yes"></status>
</test>
<doc>Login Test Cases
Using Robot and Selenium Library</doc>
<status status="FAIL" starttime="20200419 14:40:47.342" endtime="20200419 14:41:53.998"></status>
</suite>
<suite id="s1-s3" name="Welcome" source="C:\Users\masaw\PycharmProjects\RobotAuto\Scripts\Welcome.robot">
<test id="s1-s3-t1" name="Get the Suite Source directory">
<kw name="Get Suite Src Dir" library="util">
<assign>
<var>${path}</var>
</assign>
<msg timestamp="20200419 14:41:54.039" level="INFO">${path} = C:\Users\masaw\PycharmProjects\RobotAuto\Scripts</msg>
<status status="PASS" starttime="20200419 14:41:54.039" endtime="20200419 14:41:54.039"></status>
</kw>
<kw name="Log" library="BuiltIn">
<doc>Logs the given message with the given level.</doc>
<arguments>
<arg>${path}</arg>
</arguments>
<msg timestamp="20200419 14:41:54.044" level="INFO">C:\Users\masaw\PycharmProjects\RobotAuto\Scripts</msg>
<status status="PASS" starttime="20200419 14:41:54.043" endtime="20200419 14:41:54.044"></status>
</kw>
<tags>
<tag>tc</tag>
</tags>
<status status="PASS" starttime="20200419 14:41:54.038" endtime="20200419 14:41:54.050" critical="yes"></status>
</test>
<status status="PASS" starttime="20200419 14:41:54.006" endtime="20200419 14:41:54.054"></status>
</suite>
<status status="FAIL" starttime="20200419 14:40:19.282" endtime="20200419 14:41:54.060"></status>
</suite>
<statistics>
<total>
<stat pass="4" fail="1">Critical Tests</stat>
<stat pass="4" fail="1">All Tests</stat>
</total>
<tag>
<stat pass="1" fail="0">home</stat>
<stat pass="1" fail="0">search</stat>
<stat pass="1" fail="0">tc</stat>
</tag>
<suite>
<stat pass="4" fail="1" id="s1" name="Scripts">Scripts</stat>
<stat pass="2" fail="0" id="s1-s1" name="Homepage">Scripts.Homepage</stat>
<stat pass="1" fail="1" id="s1-s2" name="Login">Scripts.Login</stat>
<stat pass="1" fail="0" id="s1-s3" name="Welcome">Scripts.Welcome</stat>
</suite>
</statistics>
<errors>
</errors>
</robot>
